00:10:12:628  INFO 15732 --- [main] com.hmall.item.ItemApplication           : Starting itemApplication using Java 17.0.15 on hachi with PID 15732 (D:\Study\ideaProject\JavaProject\hmall\item-service\target\classes started by 39424 in D:\Study\ideaProject\JavaProject\hmall)
00:10:12:630 DEBUG 15732 --- [main] com.hmall.item.ItemApplication           : Running with Spring Boot v2.7.12, Spring v5.3.27
00:10:12:630  INFO 15732 --- [main] com.hmall.item.ItemApplication           : The following 1 profile is active: "dev"
00:10:13:154  INFO 15732 --- [main] .s.d.r.c.RepositoryConfigurationDelegate : Multiple Spring Data modules found, entering strict repository configuration mode
00:10:13:156  INFO 15732 --- [main] .s.d.r.c.RepositoryConfigurationDelegate : Bootstrapping Spring Data Redis repositories in DEFAULT mode.
00:10:13:172  INFO 15732 --- [main] .s.d.r.c.RepositoryConfigurationDelegate : Finished Spring Data repository scanning in 4 ms. Found 0 Redis repository interfaces.
00:10:13:570  INFO 15732 --- [main] o.s.b.w.embedded.tomcat.TomcatWebServer  : Tomcat initialized with port(s): 8081 (http)
00:10:13:576  INFO 15732 --- [main] o.apache.catalina.core.StandardService   : Starting service [Tomcat]
00:10:13:576  INFO 15732 --- [main] org.apache.catalina.core.StandardEngine  : Starting Servlet engine: [Apache Tomcat/9.0.75]
00:10:13:653  INFO 15732 --- [main] o.a.c.c.C.[Tomcat].[localhost].[/]       : Initializing Spring embedded WebApplicationContext
00:10:13:653  INFO 15732 --- [main] w.s.c.ServletWebServerApplicationContext : Root WebApplicationContext: initialization completed in 986 ms
00:10:14:298  INFO 15732 --- [main] pertySourcedRequestMappingHandlerMapping : Mapped URL path [/v2/api-docs] onto method [springfox.documentation.swagger2.web.Swagger2ControllerWebMvc#getDocumentation(String, HttpServletRequest)]
00:10:14:560  INFO 15732 --- [main] o.s.b.w.embedded.tomcat.TomcatWebServer  : Tomcat started on port(s): 8081 (http) with context path ''
00:10:14:561  INFO 15732 --- [main] d.s.w.p.DocumentationPluginsBootstrapper : Documentation plugins bootstrapped
00:10:14:562  INFO 15732 --- [main] d.s.w.p.DocumentationPluginsBootstrapper : Found 1 custom documentation plugin(s)
00:10:14:579  INFO 15732 --- [main] s.d.s.w.s.ApiListingReferenceScanner     : Scanning for api listing references
00:10:14:588  INFO 15732 --- [main] com.hmall.item.ItemApplication           : Started itemApplication in 2.376 seconds (JVM running for 2.919)
00:12:15:517  INFO 29156 --- [main] com.hmall.item.ItemApplication           : Starting ItemApplication using Java 17.0.15 on hachi with PID 29156 (D:\Study\ideaProject\JavaProject\hmall\item-service\target\classes started by 39424 in D:\Study\ideaProject\JavaProject\hmall)
00:12:15:518 DEBUG 29156 --- [main] com.hmall.item.ItemApplication           : Running with Spring Boot v2.7.12, Spring v5.3.27
00:12:15:519  INFO 29156 --- [main] com.hmall.item.ItemApplication           : The following 1 profile is active: "dev"
00:12:16:095  INFO 29156 --- [main] .s.d.r.c.RepositoryConfigurationDelegate : Multiple Spring Data modules found, entering strict repository configuration mode
00:12:16:097  INFO 29156 --- [main] .s.d.r.c.RepositoryConfigurationDelegate : Bootstrapping Spring Data Redis repositories in DEFAULT mode.
00:12:16:115  INFO 29156 --- [main] .s.d.r.c.RepositoryConfigurationDelegate : Finished Spring Data repository scanning in 6 ms. Found 0 Redis repository interfaces.
00:12:16:482  INFO 29156 --- [main] o.s.b.w.embedded.tomcat.TomcatWebServer  : Tomcat initialized with port(s): 8081 (http)
00:12:16:489  INFO 29156 --- [main] o.apache.catalina.core.StandardService   : Starting service [Tomcat]
00:12:16:489  INFO 29156 --- [main] org.apache.catalina.core.StandardEngine  : Starting Servlet engine: [Apache Tomcat/9.0.75]
00:12:16:553  INFO 29156 --- [main] o.a.c.c.C.[Tomcat].[localhost].[/]       : Initializing Spring embedded WebApplicationContext
00:12:16:553  INFO 29156 --- [main] w.s.c.ServletWebServerApplicationContext : Root WebApplicationContext: initialization completed in 1002 ms
00:12:17:095  INFO 29156 --- [main] pertySourcedRequestMappingHandlerMapping : Mapped URL path [/v2/api-docs] onto method [springfox.documentation.swagger2.web.Swagger2ControllerWebMvc#getDocumentation(String, HttpServletRequest)]
00:12:17:346  INFO 29156 --- [main] o.s.b.w.embedded.tomcat.TomcatWebServer  : Tomcat started on port(s): 8081 (http) with context path ''
00:12:17:347  INFO 29156 --- [main] d.s.w.p.DocumentationPluginsBootstrapper : Documentation plugins bootstrapped
00:12:17:349  INFO 29156 --- [main] d.s.w.p.DocumentationPluginsBootstrapper : Found 1 custom documentation plugin(s)
00:12:17:368  INFO 29156 --- [main] s.d.s.w.s.ApiListingReferenceScanner     : Scanning for api listing references
00:12:17:379  INFO 29156 --- [main] com.hmall.item.ItemApplication           : Started ItemApplication in 2.127 seconds (JVM running for 2.526)
00:21:35:078  INFO 47584 --- [main] com.hmall.item.ItemApplication           : Starting ItemApplication using Java 17.0.15 on hachi with PID 47584 (D:\Study\ideaProject\JavaProject\hmall\item-service\target\classes started by 39424 in D:\Study\ideaProject\JavaProject\hmall)
00:21:35:080 DEBUG 47584 --- [main] com.hmall.item.ItemApplication           : Running with Spring Boot v2.7.12, Spring v5.3.27
00:21:35:080  INFO 47584 --- [main] com.hmall.item.ItemApplication           : The following 1 profile is active: "dev"
00:21:35:612  INFO 47584 --- [main] .s.d.r.c.RepositoryConfigurationDelegate : Multiple Spring Data modules found, entering strict repository configuration mode
00:21:35:613  INFO 47584 --- [main] .s.d.r.c.RepositoryConfigurationDelegate : Bootstrapping Spring Data Redis repositories in DEFAULT mode.
00:21:35:627  INFO 47584 --- [main] .s.d.r.c.RepositoryConfigurationDelegate : Finished Spring Data repository scanning in 4 ms. Found 0 Redis repository interfaces.
00:21:36:000  INFO 47584 --- [main] o.s.b.w.embedded.tomcat.TomcatWebServer  : Tomcat initialized with port(s): 8081 (http)
00:21:36:005  INFO 47584 --- [main] o.apache.catalina.core.StandardService   : Starting service [Tomcat]
00:21:36:005  INFO 47584 --- [main] org.apache.catalina.core.StandardEngine  : Starting Servlet engine: [Apache Tomcat/9.0.75]
00:21:36:065  INFO 47584 --- [main] o.a.c.c.C.[Tomcat].[localhost].[/]       : Initializing Spring embedded WebApplicationContext
00:21:36:065  INFO 47584 --- [main] w.s.c.ServletWebServerApplicationContext : Root WebApplicationContext: initialization completed in 952 ms
00:21:36:608  INFO 47584 --- [main] pertySourcedRequestMappingHandlerMapping : Mapped URL path [/v2/api-docs] onto method [springfox.documentation.swagger2.web.Swagger2ControllerWebMvc#getDocumentation(String, HttpServletRequest)]
00:21:36:838  INFO 47584 --- [main] o.s.b.w.embedded.tomcat.TomcatWebServer  : Tomcat started on port(s): 8081 (http) with context path ''
00:21:36:838  INFO 47584 --- [main] d.s.w.p.DocumentationPluginsBootstrapper : Documentation plugins bootstrapped
00:21:36:840  INFO 47584 --- [main] d.s.w.p.DocumentationPluginsBootstrapper : Found 1 custom documentation plugin(s)
00:21:36:855  INFO 47584 --- [main] s.d.s.w.s.ApiListingReferenceScanner     : Scanning for api listing references
00:21:36:864  INFO 47584 --- [main] com.hmall.item.ItemApplication           : Started ItemApplication in 2.095 seconds (JVM running for 2.507)
00:23:24:544  INFO 18656 --- [main] com.hmall.item.ItemApplication           : Starting ItemApplication using Java 17.0.15 on hachi with PID 18656 (D:\Study\ideaProject\JavaProject\hmall\item-service\target\classes started by 39424 in D:\Study\ideaProject\JavaProject\hmall)
00:23:24:545 DEBUG 18656 --- [main] com.hmall.item.ItemApplication           : Running with Spring Boot v2.7.12, Spring v5.3.27
00:23:24:545  INFO 18656 --- [main] com.hmall.item.ItemApplication           : The following 1 profile is active: "dev"
00:23:25:098  INFO 18656 --- [main] .s.d.r.c.RepositoryConfigurationDelegate : Multiple Spring Data modules found, entering strict repository configuration mode
00:23:25:099  INFO 18656 --- [main] .s.d.r.c.RepositoryConfigurationDelegate : Bootstrapping Spring Data Redis repositories in DEFAULT mode.
00:23:25:114  INFO 18656 --- [main] .s.d.r.c.RepositoryConfigurationDelegate : Finished Spring Data repository scanning in 5 ms. Found 0 Redis repository interfaces.
00:23:25:496  INFO 18656 --- [main] o.s.b.w.embedded.tomcat.TomcatWebServer  : Tomcat initialized with port(s): 8081 (http)
00:23:25:507  INFO 18656 --- [main] o.apache.catalina.core.StandardService   : Starting service [Tomcat]
00:23:25:507  INFO 18656 --- [main] org.apache.catalina.core.StandardEngine  : Starting Servlet engine: [Apache Tomcat/9.0.75]
00:23:25:564  INFO 18656 --- [main] o.a.c.c.C.[Tomcat].[localhost].[/]       : Initializing Spring embedded WebApplicationContext
00:23:25:564  INFO 18656 --- [main] w.s.c.ServletWebServerApplicationContext : Root WebApplicationContext: initialization completed in 984 ms
00:23:26:130  INFO 18656 --- [main] pertySourcedRequestMappingHandlerMapping : Mapped URL path [/v2/api-docs] onto method [springfox.documentation.swagger2.web.Swagger2ControllerWebMvc#getDocumentation(String, HttpServletRequest)]
00:23:26:371  INFO 18656 --- [main] o.s.b.w.embedded.tomcat.TomcatWebServer  : Tomcat started on port(s): 8081 (http) with context path ''
00:23:26:372  INFO 18656 --- [main] d.s.w.p.DocumentationPluginsBootstrapper : Documentation plugins bootstrapped
00:23:26:374  INFO 18656 --- [main] d.s.w.p.DocumentationPluginsBootstrapper : Found 1 custom documentation plugin(s)
00:23:26:390  INFO 18656 --- [main] s.d.s.w.s.ApiListingReferenceScanner     : Scanning for api listing references
00:23:26:400  INFO 18656 --- [main] com.hmall.item.ItemApplication           : Started ItemApplication in 2.138 seconds (JVM running for 2.53)
16:07:33:206  INFO 17096 --- [main] com.hmall.item.ItemApplication           : Starting ItemApplication using Java 17.0.15 on hachi with PID 17096 (D:\Study\ideaProject\JavaProject\hmall\item-service\target\classes started by 39424 in D:\Study\ideaProject\JavaProject\hmall)
16:07:33:208 DEBUG 17096 --- [main] com.hmall.item.ItemApplication           : Running with Spring Boot v2.7.12, Spring v5.3.27
16:07:33:208  INFO 17096 --- [main] com.hmall.item.ItemApplication           : The following 1 profile is active: "dev"
16:07:33:829  INFO 17096 --- [main] .s.d.r.c.RepositoryConfigurationDelegate : Multiple Spring Data modules found, entering strict repository configuration mode
16:07:33:830  INFO 17096 --- [main] .s.d.r.c.RepositoryConfigurationDelegate : Bootstrapping Spring Data Redis repositories in DEFAULT mode.
16:07:33:858  INFO 17096 --- [main] .s.d.r.c.RepositoryConfigurationDelegate : Finished Spring Data repository scanning in 11 ms. Found 0 Redis repository interfaces.
16:07:34:285  INFO 17096 --- [main] o.s.b.w.embedded.tomcat.TomcatWebServer  : Tomcat initialized with port(s): 8081 (http)
16:07:34:290  INFO 17096 --- [main] o.apache.catalina.core.StandardService   : Starting service [Tomcat]
16:07:34:291  INFO 17096 --- [main] org.apache.catalina.core.StandardEngine  : Starting Servlet engine: [Apache Tomcat/9.0.75]
16:07:34:354  INFO 17096 --- [main] o.a.c.c.C.[Tomcat].[localhost].[/]       : Initializing Spring embedded WebApplicationContext
16:07:34:355  INFO 17096 --- [main] w.s.c.ServletWebServerApplicationContext : Root WebApplicationContext: initialization completed in 1116 ms
16:07:34:978  INFO 17096 --- [main] pertySourcedRequestMappingHandlerMapping : Mapped URL path [/v2/api-docs] onto method [springfox.documentation.swagger2.web.Swagger2ControllerWebMvc#getDocumentation(String, HttpServletRequest)]
16:07:35:231  INFO 17096 --- [main] o.s.b.w.embedded.tomcat.TomcatWebServer  : Tomcat started on port(s): 8081 (http) with context path ''
16:07:35:232  INFO 17096 --- [main] d.s.w.p.DocumentationPluginsBootstrapper : Documentation plugins bootstrapped
16:07:35:233  INFO 17096 --- [main] d.s.w.p.DocumentationPluginsBootstrapper : Found 1 custom documentation plugin(s)
16:07:35:251  INFO 17096 --- [main] s.d.s.w.s.ApiListingReferenceScanner     : Scanning for api listing references
16:07:35:334  INFO 17096 --- [main] com.hmall.item.ItemApplication           : Started ItemApplication in 2.383 seconds (JVM running for 2.745)
